<?xml version="1.0" encoding="UTF-8"?>
<testng-results total="0" passed="0" failed="0" skipped="0">
  <reporter-output>
  </reporter-output>
  <suite started-at="2020-10-21T15:15:14Z" name="com.automation.runner.SmokeTest_RunnerFiles.RunnerTest" finished-at="2020-10-21T15:15:22Z" duration-ms="8537">
    <groups>
    </groups>
    <test started-at="2020-10-21T15:15:14Z" name="Command line test 464a934d-c94d-4627-abbe-bf312f63fcf0" finished-at="2020-10-21T15:15:22Z" duration-ms="8537">
    </test> <!-- Command line test 464a934d-c94d-4627-abbe-bf312f63fcf0 -->
  </suite> <!-- com.automation.runner.SmokeTest_RunnerFiles.RunnerTest -->
</testng-results>
