<?xml version="1.0" encoding="UTF-8"?>
<testng-results total="0" passed="0" failed="0" skipped="0">
  <reporter-output>
  </reporter-output>
  <suite started-at="2020-10-21T15:15:13Z" name="com.automationtest.base.Testbase" finished-at="2020-10-21T15:15:13Z" duration-ms="9">
    <groups>
    </groups>
    <test started-at="2020-10-21T15:15:13Z" name="Command line test f72b675b-7cbd-4a30-a61d-a04e976882bd" finished-at="2020-10-21T15:15:13Z" duration-ms="9">
    </test> <!-- Command line test f72b675b-7cbd-4a30-a61d-a04e976882bd -->
  </suite> <!-- com.automationtest.base.Testbase -->
</testng-results>
